c:\users\yusuf\source\repos\mariomaker\debug\vc143.pdb
c:\users\yusuf\source\repos\mariomaker\debug\vc143.idb
c:\users\yusuf\source\repos\mariomaker\debug\main.obj
c:\users\yusuf\source\repos\mariomaker\debug\mario.obj
c:\users\yusuf\source\repos\mariomaker\debug\object.obj
c:\users\yusuf\source\repos\mariomaker\debug\game.obj
c:\users\yusuf\source\repos\mariomaker\debug\turtle.obj
c:\users\yusuf\source\repos\mariomaker\debug\scoreboard.obj
c:\users\yusuf\source\repos\mariomaker\debug\turtleforlist.obj
c:\users\yusuf\source\repos\mariomaker\debug\mariomaker.exe
c:\users\yusuf\source\repos\mariomaker\debug\mariomaker.ilk
c:\users\yusuf\source\repos\mariomaker\debug\mariomaker.pdb
c:\users\yusuf\source\repos\mariomaker\debug\object.obj.enc
c:\users\yusuf\source\repos\mariomaker\debug\turtle.obj.enc
c:\users\yusuf\source\repos\mariomaker\debug\mariomaker.tlog\cl.command.1.tlog
c:\users\yusuf\source\repos\mariomaker\debug\mariomaker.tlog\cl.read.1.tlog
c:\users\yusuf\source\repos\mariomaker\debug\mariomaker.tlog\cl.write.1.tlog
c:\users\yusuf\source\repos\mariomaker\debug\mariomaker.tlog\link.command.1.tlog
c:\users\yusuf\source\repos\mariomaker\debug\mariomaker.tlog\link.read.1.tlog
c:\users\yusuf\source\repos\mariomaker\debug\mariomaker.tlog\link.write.1.tlog
