  Game.cpp
C:\Users\Yusuf\source\repos\mariomaker\Game.cpp(80,67): warning C4244: 'argument': conversion from 'int' to 'T', possible loss of data
          with
          [
              T=float
          ]
C:\Users\Yusuf\source\repos\mariomaker\Game.cpp(84,47): warning C4244: 'argument': conversion from 'int' to 'T', possible loss of data
          with
          [
              T=float
          ]
C:\Users\Yusuf\source\repos\mariomaker\Game.cpp(85,63): warning C4244: 'argument': conversion from 'int' to 'T', possible loss of data
          with
          [
              T=float
          ]
C:\Users\Yusuf\source\repos\mariomaker\Game.cpp(89,63): warning C4244: 'argument': conversion from 'int' to 'T', possible loss of data
          with
          [
              T=float
          ]
C:\Users\Yusuf\source\repos\mariomaker\Game.cpp(90,48): warning C4244: 'argument': conversion from 'int' to 'T', possible loss of data
          with
          [
              T=float
          ]
C:\Users\Yusuf\source\repos\mariomaker\Game.cpp(94,63): warning C4244: 'argument': conversion from 'int' to 'T', possible loss of data
          with
          [
              T=float
          ]
C:\Users\Yusuf\source\repos\mariomaker\Game.cpp(95,48): warning C4244: 'argument': conversion from 'int' to 'T', possible loss of data
          with
          [
              T=float
          ]
C:\Users\Yusuf\source\repos\mariomaker\Game.cpp(176,23): warning C4305: '+=': truncation from 'double' to 'float'
  Main.cpp
  Mario.cpp
C:\Users\Yusuf\source\repos\mariomaker\Mario.cpp(14,16): warning C4305: '=': truncation from 'double' to 'float'
  Object.cpp
  ScoreBoard.cpp
  Turtle.cpp
C:\Users\Yusuf\source\repos\mariomaker\Turtle.cpp(34,15): warning C4305: '=': truncation from 'double' to 'float'
  Generating code
  135 of 189 functions (71.4%) were compiled, the rest were copied from previous compilation.
    13 functions were new in current compilation
    9 functions had inline decision re-evaluated but remain unchanged
  Finished generating code
  mariomaker.vcxproj -> C:\Users\Yusuf\source\repos\mariomaker\Release\mariomaker.exe
